\BOOKMARK [0][]{section*.2}{\376\377\144\130\000\040\000\040\000\040\000\040\211\201}{}% 1
\BOOKMARK [0][]{section*.6}{\376\377\000A\000B\000S\000T\000R\000A\000C\000T}{}% 2
\BOOKMARK [0][]{mulu.0}{\376\377\166\356\000\040\000\040\000\040\000\040\137\125}{}% 3
\BOOKMARK [0][]{econtent.0}{\376\377\000C\000o\000n\000t\000e\000n\000t\000s}{}% 4
\BOOKMARK [0][]{section*.11}{\376\377\0001\000\040\000\040\176\352\213\272}{}% 5
\BOOKMARK [1][]{section*.13}{\376\377\0001\000.\0001\000\040\170\024\172\166\166\204\200\314\146\157}{section*.11}% 6
\BOOKMARK [2][]{section*.15}{\376\377\0001\000.\0001\000.\0001\000\040\170\024\172\166\166\204\141\017\116\111}{section*.13}% 7
\BOOKMARK [2][]{section*.17}{\376\377\0001\000.\0001\000.\0002\000\040\142\200\147\057\173\200\116\313}{section*.13}% 8
\BOOKMARK [2][]{section*.20}{\376\377\0001\000.\0001\000.\0003\000\040\126\375\121\205\131\026\136\224\165\050\116\016\170\024\172\166\163\260\162\266}{section*.13}% 9
\BOOKMARK [1][]{section*.22}{\376\377\0001\000.\0002\000\040\170\024\172\166\121\205\133\271}{section*.11}% 10
\BOOKMARK [1][]{section*.25}{\376\377\0001\000.\0003\000\040\121\163\225\056\171\321\133\146\225\356\230\230}{section*.11}% 11
\BOOKMARK [1][]{section*.27}{\376\377\0001\000.\0004\000\040\116\073\211\201\170\024\172\166\142\020\147\234}{section*.11}% 12
\BOOKMARK [1][]{section*.30}{\376\377\0001\000.\0005\000\040\213\272\145\207\176\304\176\307\176\323\147\204}{section*.11}% 13
\BOOKMARK [0][]{section*.32}{\376\377\0002\000\040\000\040\145\160\143\156\136\163\227\142\123\357\177\026\172\013\176\374\217\360}{}% 14
\BOOKMARK [0][]{section*.34}{\376\377\0003\000\040\000\040\123\302\200\003\145\207\163\056\150\074\137\017}{}% 15
\BOOKMARK [0][]{section*.37}{\376\377\201\364\000\040\214\042}{}% 16
\BOOKMARK [0][]{section*.40}{\376\377\123\302\200\003\145\207\163\056}{}% 17
\BOOKMARK [0][]{section*.44}{\376\377\226\104\137\125\000A\000\040\000\040\121\154\137\017\133\232\164\006\213\301\146\016}{}% 18
\BOOKMARK [0][]{section*.51}{\376\377\226\104\137\125\000B\000\040\000\040\173\227\154\325\116\016\116\343\170\001}{}% 19
\BOOKMARK [1][]{section*.53}{\376\377\000B\000.\0001\000\040\173\227\154\325}{section*.51}% 20
\BOOKMARK [1][]{section*.56}{\376\377\000B\000.\0002\000\040\116\343\170\001}{section*.51}% 21
\BOOKMARK [0][]{section*.60}{\376\377\145\073\213\373\133\146\117\115\147\037\225\364\123\326\137\227\166\204\170\024\172\166\142\020\147\234}{}% 22
